<?xml version="1.0" encoding="UTF-8"?>
<testng-results skipped="3" failed="0" total="3" passed="0">
  <reporter-output>
  </reporter-output>
  <suite name="Command line suite" duration-ms="7745" started-at="2017-02-03T14:12:53Z" finished-at="2017-02-03T14:13:01Z">
    <groups>
    </groups>
    <test name="Command line test" duration-ms="7745" started-at="2017-02-03T14:12:53Z" finished-at="2017-02-03T14:13:01Z">
      <class name="com.groupten.testscriptClass.AddMemberTest">
        <test-method status="FAIL" signature="preConditionTest()[pri:0, instance:com.groupten.testscriptClass.AddMemberTest@2362f559]" name="preConditionTest" is-config="true" duration-ms="0" started-at="2017-02-03T19:42:53Z" finished-at="2017-02-03T19:42:53Z">
          <exception class="org.openqa.selenium.WebDriverException">
            <message>
              <![CDATA[unknown error: cannot get automation extension
from chrome not reachable
  (Session info: chrome=55.0.2883.87)
  (Driver info: chromedriver=2.25.426923 (0390b88869384d6eb0d5d09729679f934aab9eed),platform=Windows NT 6.1.7601 SP1 x86_64) (WARNING: The server did not provide any stacktrace information)
Command duration or timeout: 4.15 seconds
Build info: version: '3.0.1', revision: '1969d75', time: '2016-10-18 09:49:13 -0700'
System info: host: 'G10CHLT003', ip: '192.168.0.100', os.name: 'Windows 7', os.arch: 'amd64', os.version: '6.1', java.version: '1.8.0_121'
Driver info: org.openqa.selenium.chrome.ChromeDriver
Capabilities [{applicationCacheEnabled=false, rotatable=false, mobileEmulationEnabled=false, networkConnectionEnabled=false, chrome={chromedriverVersion=2.25.426923 (0390b88869384d6eb0d5d09729679f934aab9eed), userDataDir=C:\Users\Group10\AppData\Local\Temp\scoped_dir9608_4350}, takesHeapSnapshot=true, pageLoadStrategy=normal, databaseEnabled=false, handlesAlerts=true, hasTouchScreen=false, version=55.0.2883.87, platform=XP, browserConnectionEnabled=false, nativeEvents=true, acceptSslCerts=true, locationContextEnabled=true, webStorageEnabled=true, browserName=chrome, takesScreenshot=true, javascriptEnabled=true, cssSelectorsEnabled=true}]
Session ID: 2e3b7ca9508a20c2c36eafaf34f02590]]>
            </message>
            <full-stacktrace>
              <![CDATA[org.openqa.selenium.WebDriverException: unknown error: cannot get automation extension
from chrome not reachable
  (Session info: chrome=55.0.2883.87)
  (Driver info: chromedriver=2.25.426923 (0390b88869384d6eb0d5d09729679f934aab9eed),platform=Windows NT 6.1.7601 SP1 x86_64) (WARNING: The server did not provide any stacktrace information)
Command duration or timeout: 4.15 seconds
Build info: version: '3.0.1', revision: '1969d75', time: '2016-10-18 09:49:13 -0700'
System info: host: 'G10CHLT003', ip: '192.168.0.100', os.name: 'Windows 7', os.arch: 'amd64', os.version: '6.1', java.version: '1.8.0_121'
Driver info: org.openqa.selenium.chrome.ChromeDriver
Capabilities [{applicationCacheEnabled=false, rotatable=false, mobileEmulationEnabled=false, networkConnectionEnabled=false, chrome={chromedriverVersion=2.25.426923 (0390b88869384d6eb0d5d09729679f934aab9eed), userDataDir=C:\Users\Group10\AppData\Local\Temp\scoped_dir9608_4350}, takesHeapSnapshot=true, pageLoadStrategy=normal, databaseEnabled=false, handlesAlerts=true, hasTouchScreen=false, version=55.0.2883.87, platform=XP, browserConnectionEnabled=false, nativeEvents=true, acceptSslCerts=true, locationContextEnabled=true, webStorageEnabled=true, browserName=chrome, takesScreenshot=true, javascriptEnabled=true, cssSelectorsEnabled=true}]
Session ID: 2e3b7ca9508a20c2c36eafaf34f02590
	at sun.reflect.NativeConstructorAccessorImpl.newInstance0(Native Method)
	at sun.reflect.NativeConstructorAccessorImpl.newInstance(NativeConstructorAccessorImpl.java:62)
	at sun.reflect.DelegatingConstructorAccessorImpl.newInstance(DelegatingConstructorAccessorImpl.java:45)
	at java.lang.reflect.Constructor.newInstance(Constructor.java:423)
	at org.openqa.selenium.remote.ErrorHandler.createThrowable(ErrorHandler.java:216)
	at org.openqa.selenium.remote.ErrorHandler.throwIfResponseFailed(ErrorHandler.java:168)
	at org.openqa.selenium.remote.RemoteWebDriver.execute(RemoteWebDriver.java:635)
	at org.openqa.selenium.remote.RemoteWebDriver.execute(RemoteWebDriver.java:658)
	at org.openqa.selenium.remote.RemoteWebDriver$RemoteWebDriverOptions$RemoteWindow.maximize(RemoteWebDriver.java:882)
	at com.groupten.utilitylibClass.BaseClass.preConditionTest(BaseClass.java:39)
	at sun.reflect.NativeMethodAccessorImpl.invoke0(Native Method)
	at sun.reflect.NativeMethodAccessorImpl.invoke(NativeMethodAccessorImpl.java:62)
	at sun.reflect.DelegatingMethodAccessorImpl.invoke(DelegatingMethodAccessorImpl.java:43)
	at java.lang.reflect.Method.invoke(Method.java:498)
	at org.testng.internal.MethodInvocationHelper.invokeMethod(MethodInvocationHelper.java:80)
	at org.testng.internal.Invoker.invokeConfigurationMethod(Invoker.java:564)
	at org.testng.internal.Invoker.invokeConfigurations(Invoker.java:213)
	at org.testng.internal.Invoker.invokeConfigurations(Invoker.java:138)
	at org.testng.internal.TestMethodWorker.invokeBeforeClassMethods(TestMethodWorker.java:175)
	at org.testng.internal.TestMethodWorker.run(TestMethodWorker.java:107)
	at org.testng.TestRunner.privateRun(TestRunner.java:767)
	at org.testng.TestRunner.run(TestRunner.java:617)
	at org.testng.SuiteRunner.runTest(SuiteRunner.java:334)
	at org.testng.SuiteRunner.runSequentially(SuiteRunner.java:329)
	at org.testng.SuiteRunner.privateRun(SuiteRunner.java:291)
	at org.testng.SuiteRunner.run(SuiteRunner.java:240)
	at org.testng.SuiteRunnerWorker.runSuite(SuiteRunnerWorker.java:52)
	at org.testng.SuiteRunnerWorker.run(SuiteRunnerWorker.java:86)
	at org.testng.TestNG.runSuitesSequentially(TestNG.java:1198)
	at org.testng.TestNG.runSuitesLocally(TestNG.java:1123)
	at org.testng.TestNG.run(TestNG.java:1031)
	at org.apache.maven.surefire.testng.TestNGExecutor.run(TestNGExecutor.java:77)
	at org.apache.maven.surefire.testng.TestNGDirectoryTestSuite.executeMulti(TestNGDirectoryTestSuite.java:159)
	at org.apache.maven.surefire.testng.TestNGDirectoryTestSuite.execute(TestNGDirectoryTestSuite.java:99)
	at org.apache.maven.surefire.testng.TestNGProvider.invoke(TestNGProvider.java:106)
	at sun.reflect.NativeMethodAccessorImpl.invoke0(Native Method)
	at sun.reflect.NativeMethodAccessorImpl.invoke(NativeMethodAccessorImpl.java:62)
	at sun.reflect.DelegatingMethodAccessorImpl.invoke(DelegatingMethodAccessorImpl.java:43)
	at java.lang.reflect.Method.invoke(Method.java:498)
	at org.apache.maven.surefire.util.ReflectionUtils.invokeMethodWithArray(ReflectionUtils.java:189)
	at org.apache.maven.surefire.booter.ProviderFactory$ProviderProxy.invoke(ProviderFactory.java:165)
	at org.apache.maven.surefire.booter.ProviderFactory.invokeProvider(ProviderFactory.java:85)
	at org.apache.maven.surefire.booter.ForkedBooter.runSuitesInProcess(ForkedBooter.java:115)
	at org.apache.maven.surefire.booter.ForkedBooter.main(ForkedBooter.java:75)
]]>
            </full-stacktrace>
          </exception> <!-- org.openqa.selenium.WebDriverException -->
          <reporter-output>
          </reporter-output>
        </test-method> <!-- preConditionTest -->
        <test-method status="SKIP" signature="addTest()[pri:0, instance:com.groupten.testscriptClass.AddMemberTest@2362f559]" name="addTest" duration-ms="1" started-at="2017-02-03T19:43:01Z" finished-at="2017-02-03T19:43:01Z">
          <reporter-output>
          </reporter-output>
        </test-method> <!-- addTest -->
        <test-method status="SKIP" signature="takeScreenShotFailTestScript(org.testng.ITestResult)[pri:0, instance:com.groupten.testscriptClass.AddMemberTest@2362f559]" name="takeScreenShotFailTestScript" is-config="true" duration-ms="0" started-at="2017-02-03T19:43:01Z" finished-at="2017-02-03T19:43:01Z">
          <reporter-output>
          </reporter-output>
        </test-method> <!-- takeScreenShotFailTestScript -->
        <test-method status="SKIP" signature="verifyTitle()[pri:0, instance:com.groupten.testscriptClass.AddMemberTest@2362f559]" name="verifyTitle" duration-ms="0" started-at="2017-02-03T19:43:01Z" finished-at="2017-02-03T19:43:01Z">
          <reporter-output>
          </reporter-output>
        </test-method> <!-- verifyTitle -->
        <test-method status="SKIP" signature="teardown()[pri:0, instance:com.groupten.testscriptClass.AddMemberTest@2362f559]" name="teardown" is-config="true" duration-ms="0" started-at="2017-02-03T19:43:01Z" finished-at="2017-02-03T19:43:01Z">
          <reporter-output>
          </reporter-output>
        </test-method> <!-- teardown -->
        <test-method status="SKIP" signature="takeScreenShotFailTestScript(org.testng.ITestResult)[pri:0, instance:com.groupten.testscriptClass.AddMemberTest@2362f559]" name="takeScreenShotFailTestScript" is-config="true" duration-ms="0" started-at="2017-02-03T19:43:01Z" finished-at="2017-02-03T19:43:01Z">
          <reporter-output>
          </reporter-output>
        </test-method> <!-- takeScreenShotFailTestScript -->
      </class> <!-- com.groupten.testscriptClass.AddMemberTest -->
      <class name="com.groupten.testscriptClass.AddProjectTest">
        <test-method status="SKIP" signature="preConditionTest()[pri:0, instance:com.groupten.testscriptClass.AddProjectTest@7bedc48a]" name="preConditionTest" is-config="true" duration-ms="0" started-at="2017-02-03T19:43:01Z" finished-at="2017-02-03T19:43:01Z">
          <reporter-output>
          </reporter-output>
        </test-method> <!-- preConditionTest -->
        <test-method status="SKIP" signature="takeScreenShotFailTestScript(org.testng.ITestResult)[pri:0, instance:com.groupten.testscriptClass.AddProjectTest@7bedc48a]" name="takeScreenShotFailTestScript" is-config="true" duration-ms="0" started-at="2017-02-03T19:43:01Z" finished-at="2017-02-03T19:43:01Z">
          <reporter-output>
          </reporter-output>
        </test-method> <!-- takeScreenShotFailTestScript -->
        <test-method status="SKIP" signature="teardown()[pri:0, instance:com.groupten.testscriptClass.AddProjectTest@7bedc48a]" name="teardown" is-config="true" duration-ms="0" started-at="2017-02-03T19:43:01Z" finished-at="2017-02-03T19:43:01Z">
          <reporter-output>
          </reporter-output>
        </test-method> <!-- teardown -->
        <test-method status="SKIP" signature="addTest()[pri:0, instance:com.groupten.testscriptClass.AddProjectTest@7bedc48a]" name="addTest" duration-ms="0" started-at="2017-02-03T19:43:01Z" finished-at="2017-02-03T19:43:01Z">
          <reporter-output>
          </reporter-output>
        </test-method> <!-- addTest -->
      </class> <!-- com.groupten.testscriptClass.AddProjectTest -->
    </test> <!-- Command line test -->
  </suite> <!-- Command line suite -->
</testng-results>
